This is pdfTeX, Version 3.141592653-2.6-1.40.22 (TeX Live 2022/dev/Debian) (preloaded format=pdflatex 2022.10.15)  27 OCT 2022 20:59
entering extended mode
 restricted \write18 enabled.
 %&-line parsing enabled.
**refman
(./refman.tex
LaTeX2e <2021-11-15> patch level 1
L3 programming layer <2022-01-21>
(/usr/share/texlive/texmf-dist/tex/latex/base/book.cls
Document Class: book 2021/10/04 v1.4n Standard LaTeX document class
(/usr/share/texlive/texmf-dist/tex/latex/base/bk10.clo
File: bk10.clo 2021/10/04 v1.4n Standard LaTeX file (size option)
)
\c@part=\count185
\c@chapter=\count186
\c@section=\count187
\c@subsection=\count188
\c@subsubsection=\count189
\c@paragraph=\count190
\c@subparagraph=\count191
\c@figure=\count192
\c@table=\count193
\abovecaptionskip=\skip47
\belowcaptionskip=\skip48
\bibindent=\dimen138
)
(/usr/share/texlive/texmf-dist/tex/latex/base/ifthen.sty
Package: ifthen 2020/11/24 v1.1c Standard LaTeX ifthen package (DPC)
)
(/usr/share/texlive/texmf-dist/tex/latex/tools/array.sty
Rollback for package 'array' requested -> date 2016-10-06.
         Best approximation is the release introduced on 2016-10-06.

(/usr/share/texlive/texmf-dist/tex/latex/tools/array-2016-10-06.sty
Package: array 2016/10/06 v2.4d Tabular extension package (FMi)
\col@sep=\dimen139
\extrarowheight=\dimen140
\NC@list=\toks16
\extratabsurround=\skip49
\backup@length=\skip50
))
(/usr/share/texlive/texmf-dist/tex/latex/base/fixltx2e.sty
Package: fixltx2e 2016/12/29 v2.1a fixes to LaTeX (obsolete)
Applying: [2015/01/01] Old fixltx2e package on input line 46.


Package fixltx2e Warning: fixltx2e is not required with releases after 2015
(fixltx2e)                All fixes are now in the LaTeX kernel.
(fixltx2e)                See the latexrelease package for details.

Already applied: [0000/00/00] Old fixltx2e package on input line 53.
) (./doxygen.sty
Package: doxygen 
 (/usr/share/texlive/texmf-dist/tex/latex/base/alltt.sty
Package: alltt 2021/01/29 v2.0g defines alltt environment
)
(/usr/share/texlive/texmf-dist/tex/latex/tools/calc.sty
Package: calc 2017/05/25 v4.3 Infix arithmetic (KKT,FJ)
\calc@Acount=\count194
\calc@Bcount=\count195
\calc@Adimen=\dimen141
\calc@Bdimen=\dimen142
\calc@Askip=\skip51
\calc@Bskip=\skip52
LaTeX Info: Redefining \setlength on input line 80.
LaTeX Info: Redefining \addtolength on input line 81.
\calc@Ccount=\count196
\calc@Cskip=\skip53
)
(/usr/share/texlive/texmf-dist/tex/latex/float/float.sty
Package: float 2001/11/08 v1.3d Float enhancements (AL)
\c@float@type=\count197
\float@exts=\toks17
\float@box=\box50
\@float@everytoks=\toks18
\@floatcapt=\box51
)
(/usr/share/texlive/texmf-dist/tex/latex/tools/verbatim.sty
Package: verbatim 2020-07-07 v1.5u LaTeX2e package for verbatim enhancements
\every@verbatim=\toks19
\verbatim@line=\toks20
\verbatim@in@stream=\read2
)
(/usr/share/texlive/texmf-dist/tex/latex/xcolor/xcolor.sty
Package: xcolor 2021/10/31 v2.13 LaTeX color extensions (UK)

(/usr/share/texlive/texmf-dist/tex/latex/graphics-cfg/color.cfg
File: color.cfg 2016/01/02 v1.6 sample color configuration
)
Package xcolor Info: Driver file: pdftex.def on input line 227.

(/usr/share/texlive/texmf-dist/tex/latex/graphics-def/pdftex.def
File: pdftex.def 2020/10/05 v1.2a Graphics/color driver for pdftex
)
(/usr/share/texlive/texmf-dist/tex/latex/colortbl/colortbl.sty
Package: colortbl 2020/01/04 v1.0e Color table columns (DPC)
\everycr=\toks21
\minrowclearance=\skip54
)
\rownum=\count198
Package xcolor Info: Model `cmy' substituted by `cmy0' on input line 1352.
Package xcolor Info: Model `hsb' substituted by `rgb' on input line 1356.
Package xcolor Info: Model `RGB' extended on input line 1368.
Package xcolor Info: Model `HTML' substituted by `rgb' on input line 1370.
Package xcolor Info: Model `Hsb' substituted by `hsb' on input line 1371.
Package xcolor Info: Model `tHsb' substituted by `hsb' on input line 1372.
Package xcolor Info: Model `HSB' substituted by `hsb' on input line 1373.
Package xcolor Info: Model `Gray' substituted by `gray' on input line 1374.
Package xcolor Info: Model `wave' substituted by `hsb' on input line 1375.
)
(./longtable_doxygen.sty
Package: longtable_doxygen 2014/10/28 v4.11 Multi-page Table package (DPC) - fr
ozen version for doxygen
\LTleft=\skip55
\LTright=\skip56
\LTpre=\skip57
\LTpost=\skip58
\LTchunksize=\count199
\LTcapwidth=\dimen143
\LT@head=\box52
\LT@firsthead=\box53
\LT@foot=\box54
\LT@lastfoot=\box55
\LT@cols=\count266
\LT@rows=\count267
\c@LT@tables=\count268
\c@LT@chunks=\count269
\LT@p@ftn=\toks22
) (./tabu_doxygen.sty
Package: tabu_doxygen 2011/02/26 v2.8 - flexible LaTeX tabulars (FC), frozen ve
rsion for doxygen

(/usr/share/texlive/texmf-dist/tex/latex/varwidth/varwidth.sty
Package: varwidth 2009/03/30 ver 0.92;  Variable-width minipages
\@vwid@box=\box56
\sift@deathcycles=\count270
\@vwid@loff=\dimen144
\@vwid@roff=\dimen145
)
\c@taburow=\count271
\tabu@nbcols=\count272
\tabu@cnt=\count273
\tabu@Xcol=\count274
\tabu@alloc=\count275
\tabu@nested=\count276
\tabu@target=\dimen146
\tabu@spreadtarget=\dimen147
\tabu@naturalX=\dimen148
\tabucolX=\dimen149
\tabu@Xsum=\dimen150
\extrarowdepth=\dimen151
\abovetabulinesep=\dimen152
\belowtabulinesep=\dimen153
\tabustrutrule=\dimen154
\tabu@thebody=\toks23
\tabu@footnotes=\toks24
\tabu@box=\box57
\tabu@arstrutbox=\box58
\tabu@hleads=\box59
\tabu@vleads=\box60
\tabu@cellskip=\skip59
)
(/usr/share/texlive/texmf-dist/tex/latex/fancyvrb/fancyvrb.sty
Package: fancyvrb 2021/12/21 4.1b verbatim text (tvz,hv)

(/usr/share/texlive/texmf-dist/tex/latex/graphics/keyval.sty
Package: keyval 2014/10/28 v1.15 key=value parser (DPC)
\KV@toks@=\toks25
)
\FV@CodeLineNo=\count277
\FV@InFile=\read3
\FV@TabBox=\box61
\c@FancyVerbLine=\count278
\FV@StepNumber=\count279
\FV@OutFile=\write3
)
(/usr/share/texlive/texmf-dist/tex/latex/tools/tabularx.sty
Package: tabularx 2020/01/15 v2.11c `tabularx' package (DPC)
\TX@col@width=\dimen155
\TX@old@table=\dimen156
\TX@old@col=\dimen157
\TX@target=\dimen158
\TX@delta=\dimen159
\TX@cols=\count280
\TX@ftn=\toks26
)
(/usr/share/texlive/texmf-dist/tex/latex/tools/multicol.sty
Package: multicol 2021/10/28 v1.9b multicolumn formatting (FMi)
\c@tracingmulticols=\count281
\mult@box=\box62
\multicol@leftmargin=\dimen160
\c@unbalance=\count282
\c@collectmore=\count283
\doublecol@number=\count284
\multicoltolerance=\count285
\multicolpretolerance=\count286
\full@width=\dimen161
\page@free=\dimen162
\premulticols=\dimen163
\postmulticols=\dimen164
\multicolsep=\skip60
\multicolbaselineskip=\skip61
\partial@page=\box63
\last@line=\box64
\maxbalancingoverflow=\dimen165
\mult@rightbox=\box65
\mult@grightbox=\box66
\mult@firstbox=\box67
\mult@gfirstbox=\box68
\@tempa=\box69
\@tempa=\box70
\@tempa=\box71
\@tempa=\box72
\@tempa=\box73
\@tempa=\box74
\@tempa=\box75
\@tempa=\box76
\@tempa=\box77
\@tempa=\box78
\@tempa=\box79
\@tempa=\box80
\@tempa=\box81
\@tempa=\box82
\@tempa=\box83
\@tempa=\box84
\@tempa=\box85
\@tempa=\box86
\@tempa=\box87
\@tempa=\box88
\@tempa=\box89
\@tempa=\box90
\@tempa=\box91
\@tempa=\box92
\@tempa=\box93
\@tempa=\box94
\@tempa=\box95
\@tempa=\box96
\@tempa=\box97
\@tempa=\box98
\@tempa=\box99
\@tempa=\box100
\@tempa=\box101
\@tempa=\box102
\@tempa=\box103
\@tempa=\box104
\c@minrows=\count287
\c@columnbadness=\count288
\c@finalcolumnbadness=\count289
\last@try=\dimen166
\multicolovershoot=\dimen167
\multicolundershoot=\dimen168
\mult@nat@firstbox=\box105
\colbreak@box=\box106
\mc@col@check@num=\count290
)
(/usr/share/texlive/texmf-dist/tex/latex/multirow/multirow.sty
Package: multirow 2021/03/15 v2.8 Span multiple rows of a table
\multirow@colwidth=\skip62
\multirow@cntb=\count291
\multirow@dima=\skip63
\bigstrutjot=\dimen169
)
(/usr/share/texlive/texmf-dist/tex/latex/hanging/hanging.sty
Package: hanging 2009/09/02 v1.2b hanging paragraphs and punctuation
\h@ngcommawd=\skip64
\h@ngfstopwd=\skip65
\h@ngquotewd=\skip66
\h@ngdquotewd=\skip67
\h@ngquerywd=\skip68
\h@ngexclwd=\skip69
\h@ngcolonwd=\skip70
\h@ngscolonwd=\skip71
)
(/usr/share/texlive/texmf-dist/tex/generic/iftex/ifpdf.sty
Package: ifpdf 2019/10/25 v3.4 ifpdf legacy package. Use iftex instead.

(/usr/share/texlive/texmf-dist/tex/generic/iftex/iftex.sty
Package: iftex 2020/03/06 v1.0d TeX engine tests
))
(/usr/share/texlive/texmf-dist/tex/latex/adjustbox/adjustbox.sty
Package: adjustbox 2020/08/19 v1.3 Adjusting TeX boxes (trim, clip, ...)

(/usr/share/texlive/texmf-dist/tex/latex/xkeyval/xkeyval.sty
Package: xkeyval 2020/11/20 v2.8 package option processing (HA)

(/usr/share/texlive/texmf-dist/tex/generic/xkeyval/xkeyval.tex
(/usr/share/texlive/texmf-dist/tex/generic/xkeyval/xkvutils.tex
\XKV@toks=\toks27
\XKV@tempa@toks=\toks28
)
\XKV@depth=\count292
File: xkeyval.tex 2014/12/03 v2.7a key=value parser (HA)
))
(/usr/share/texlive/texmf-dist/tex/latex/adjustbox/adjcalc.sty
Package: adjcalc 2012/05/16 v1.1 Provides advanced setlength with multiple back
-ends (calc, etex, pgfmath)
)
(/usr/share/texlive/texmf-dist/tex/latex/adjustbox/trimclip.sty
Package: trimclip 2020/08/19 v1.2 Trim and clip general TeX material

(/usr/share/texlive/texmf-dist/tex/latex/graphics/graphicx.sty
Package: graphicx 2021/09/16 v1.2d Enhanced LaTeX Graphics (DPC,SPQR)

(/usr/share/texlive/texmf-dist/tex/latex/graphics/graphics.sty
Package: graphics 2021/03/04 v1.4d Standard LaTeX Graphics (DPC,SPQR)

(/usr/share/texlive/texmf-dist/tex/latex/graphics/trig.sty
Package: trig 2021/08/11 v1.11 sin cos tan (DPC)
)
(/usr/share/texlive/texmf-dist/tex/latex/graphics-cfg/graphics.cfg
File: graphics.cfg 2016/06/04 v1.11 sample graphics configuration
)
Package graphics Info: Driver file: pdftex.def on input line 107.
)
\Gin@req@height=\dimen170
\Gin@req@width=\dimen171
)
(/usr/share/texlive/texmf-dist/tex/latex/collectbox/collectbox.sty
Package: collectbox 2012/05/17 v0.4b Collect macro arguments as boxes
\collectedbox=\box107
)
\tc@llx=\dimen172
\tc@lly=\dimen173
\tc@urx=\dimen174
\tc@ury=\dimen175
Package trimclip Info: Using driver 'tc-pdftex.def'.

(/usr/share/texlive/texmf-dist/tex/latex/adjustbox/tc-pdftex.def
File: tc-pdftex.def 2019/01/04 v2.2 Clipping driver for pdftex
))
\adjbox@Width=\dimen176
\adjbox@Height=\dimen177
\adjbox@Depth=\dimen178
\adjbox@Totalheight=\dimen179
\adjbox@pwidth=\dimen180
\adjbox@pheight=\dimen181
\adjbox@pdepth=\dimen182
\adjbox@ptotalheight=\dimen183

(/usr/share/texlive/texmf-dist/tex/latex/ifoddpage/ifoddpage.sty
Package: ifoddpage 2016/04/23 v1.1 Conditionals for odd/even page detection
\c@checkoddpage=\count293
))
(/usr/share/texlive/texmf-dist/tex/latex/amsfonts/amssymb.sty
Package: amssymb 2013/01/14 v3.01 AMS font symbols

(/usr/share/texlive/texmf-dist/tex/latex/amsfonts/amsfonts.sty
Package: amsfonts 2013/01/14 v3.01 Basic AMSFonts support
\@emptytoks=\toks29
\symAMSa=\mathgroup4
\symAMSb=\mathgroup5
LaTeX Font Info:    Redeclaring math symbol \hbar on input line 98.
LaTeX Font Info:    Overwriting math alphabet `\mathfrak' in version `bold'
(Font)                  U/euf/m/n --> U/euf/b/n on input line 106.
))
(/usr/share/texlive/texmf-dist/tex/latex/stackengine/stackengine.sty
Package: stackengine 2021/07/22 v4.11\ Stacking text and objects in convenient 
ways

(/usr/share/texlive/texmf-dist/tex/latex/etoolbox/etoolbox.sty
Package: etoolbox 2020/10/05 v2.5k e-TeX tools for LaTeX (JAW)
\etb@tempcnta=\count294
)
(/usr/share/texlive/texmf-dist/tex/generic/listofitems/listofitems.sty
(/usr/share/texlive/texmf-dist/tex/generic/listofitems/listofitems.tex
\loi_cnt_foreach_nest=\count295
\loi_nestcnt=\count296
)
Package: listofitems 2019/08/21 v1.63 Grab items in lists using user-specified 
sep char (CT)
)
\c@@stackindex=\count297
\@boxshift=\skip72
\stack@tmplength=\skip73
\temp@stkl=\skip74
\@stackedboxwidth=\skip75
\@addedbox=\box108
\@anchorbox=\box109
\@insetbox=\box110
\se@backgroundbox=\box111
\stackedbox=\box112
\@centerbox=\box113
\c@ROWcellindex@=\count298
)
(/usr/share/texlive/texmf-dist/tex/generic/ulem/ulem.sty
\UL@box=\box114
\UL@hyphenbox=\box115
\UL@skip=\skip76
\UL@hook=\toks30
\UL@height=\dimen184
\UL@pe=\count299
\UL@pixel=\dimen185
\ULC@box=\box116
Package: ulem 2019/11/18
\ULdepth=\dimen186
)
\xrefbox=\box117
\xreflength=\skip77
\CodeWidthChar=\skip78
\CodeHeightChar=\skip79
\DoxyCodeWidth=\skip80
)
(/usr/share/texlive/texmf-dist/tex/latex/base/inputenc.sty
Package: inputenc 2021/02/14 v1.3d Input encoding file
\inpenc@prehook=\toks31
\inpenc@posthook=\toks32
)
(/usr/share/texlive/texmf-dist/tex/latex/base/makeidx.sty
Package: makeidx 2021/10/04 v1.0m Standard LaTeX package
)
(/usr/share/texlive/texmf-dist/tex/latex/base/textcomp.sty
Package: textcomp 2020/02/02 v2.0n Standard LaTeX package
)
(/usr/share/texlive/texmf-dist/tex/latex/wasysym/wasysym.sty
Package: wasysym 2020/01/19 v2.4 Wasy-2 symbol support package
\symwasy=\mathgroup6
LaTeX Font Info:    Overwriting symbol font `wasy' in version `bold'
(Font)                  U/wasy/m/n --> U/wasy/b/n on input line 93.
)
(/usr/share/texlive/texmf-dist/tex/generic/iftex/ifxetex.sty
Package: ifxetex 2019/10/25 v0.7 ifxetex legacy package. Use iftex instead.
)
(/usr/share/texlive/texmf-dist/tex/latex/base/fontenc.sty
Package: fontenc 2021/04/29 v2.0v Standard LaTeX package
)
(/usr/share/texlive/texmf-dist/tex/latex/psnfss/helvet.sty
Package: helvet 2020/03/25 PSNFSS-v9.3 (WaS) 
)
(/usr/share/texlive/texmf-dist/tex/latex/psnfss/courier.sty
Package: courier 2020/03/25 PSNFSS-v9.3 (WaS) 
)
(/usr/share/texlive/texmf-dist/tex/latex/sectsty/sectsty.sty
Package: sectsty 2002/02/25 v2.0.2 Commands to change all sectional heading sty
les


LaTeX Warning: Command \underbar  has changed.
               Check if current package is valid.


LaTeX Warning: Command \underline  has changed.
               Check if current package is valid.

) (/usr/share/texlive/texmf-dist/tex/latex/geometry/geometry.sty
Package: geometry 2020/01/02 v5.9 Page Geometry

(/usr/share/texlive/texmf-dist/tex/generic/iftex/ifvtex.sty
Package: ifvtex 2019/10/25 v1.7 ifvtex legacy package. Use iftex instead.
)
\Gm@cnth=\count300
\Gm@cntv=\count301
\c@Gm@tempcnt=\count302
\Gm@bindingoffset=\dimen187
\Gm@wd@mp=\dimen188
\Gm@odd@mp=\dimen189
\Gm@even@mp=\dimen190
\Gm@layoutwidth=\dimen191
\Gm@layoutheight=\dimen192
\Gm@layouthoffset=\dimen193
\Gm@layoutvoffset=\dimen194
\Gm@dimlist=\toks33
)
(/usr/share/texlive/texmf-dist/tex/latex/fancyhdr/fancyhdr.sty
Package: fancyhdr 2021/01/28 v4.0.1 Extensive control of page headers and foote
rs
\f@nch@headwidth=\skip81
\f@nch@O@elh=\skip82
\f@nch@O@erh=\skip83
\f@nch@O@olh=\skip84
\f@nch@O@orh=\skip85
\f@nch@O@elf=\skip86
\f@nch@O@erf=\skip87
\f@nch@O@olf=\skip88
\f@nch@O@orf=\skip89
)
(/usr/share/texlive/texmf-dist/tex/latex/natbib/natbib.sty
Package: natbib 2010/09/13 8.31b (PWD, AO)
\bibhang=\skip90
\bibsep=\skip91
LaTeX Info: Redefining \cite on input line 694.
\c@NAT@ctr=\count303
)
(/usr/share/texlive/texmf-dist/tex/latex/tocloft/tocloft.sty
Package: tocloft 2017/08/31 v2.3i parameterised ToC, etc., typesetting
Package tocloft Info: The document has chapter divisions on input line 51.
\cftparskip=\skip92
\cftbeforetoctitleskip=\skip93
\cftaftertoctitleskip=\skip94
\cftbeforepartskip=\skip95
\cftpartnumwidth=\skip96
\cftpartindent=\skip97
\cftbeforechapskip=\skip98
\cftchapindent=\skip99
\cftchapnumwidth=\skip100
\cftbeforesecskip=\skip101
\cftsecindent=\skip102
\cftsecnumwidth=\skip103
\cftbeforesubsecskip=\skip104
\cftsubsecindent=\skip105
\cftsubsecnumwidth=\skip106
\cftbeforesubsubsecskip=\skip107
\cftsubsubsecindent=\skip108
\cftsubsubsecnumwidth=\skip109
\cftbeforeparaskip=\skip110
\cftparaindent=\skip111
\cftparanumwidth=\skip112
\cftbeforesubparaskip=\skip113
\cftsubparaindent=\skip114
\cftsubparanumwidth=\skip115
\cftbeforeloftitleskip=\skip116
\cftafterloftitleskip=\skip117
\cftbeforefigskip=\skip118
\cftfigindent=\skip119
\cftfignumwidth=\skip120
\c@lofdepth=\count304
\c@lotdepth=\count305
\cftbeforelottitleskip=\skip121
\cftafterlottitleskip=\skip122
\cftbeforetabskip=\skip123
\cfttabindent=\skip124
\cfttabnumwidth=\skip125
)
\@indexfile=\write4
\openout4 = `refman.idx'.


Writing index file refman.idx
(/usr/share/texlive/texmf-dist/tex/latex/newunicodechar/newunicodechar.sty
Package: newunicodechar 2018/04/08 v1.2 Defining Unicode characters
)

Package newunicodechar Warning: Redefining Unicode character on input line 115.



Package newunicodechar Warning: Redefining Unicode character on input line 116.


(/usr/share/texlive/texmf-dist/tex/latex/hyperref/hyperref.sty
Package: hyperref 2021-06-07 v7.00m Hypertext links for LaTeX

(/usr/share/texlive/texmf-dist/tex/generic/ltxcmds/ltxcmds.sty
Package: ltxcmds 2020-05-10 v1.25 LaTeX kernel commands for general use (HO)
)
(/usr/share/texlive/texmf-dist/tex/generic/pdftexcmds/pdftexcmds.sty
Package: pdftexcmds 2020-06-27 v0.33 Utility functions of pdfTeX for LuaTeX (HO
)

(/usr/share/texlive/texmf-dist/tex/generic/infwarerr/infwarerr.sty
Package: infwarerr 2019/12/03 v1.5 Providing info/warning/error messages (HO)
)
Package pdftexcmds Info: \pdf@primitive is available.
Package pdftexcmds Info: \pdf@ifprimitive is available.
Package pdftexcmds Info: \pdfdraftmode found.
)
(/usr/share/texlive/texmf-dist/tex/generic/kvsetkeys/kvsetkeys.sty
Package: kvsetkeys 2019/12/15 v1.18 Key value parser (HO)
)
(/usr/share/texlive/texmf-dist/tex/generic/kvdefinekeys/kvdefinekeys.sty
Package: kvdefinekeys 2019-12-19 v1.6 Define keys (HO)
)
(/usr/share/texlive/texmf-dist/tex/generic/pdfescape/pdfescape.sty
Package: pdfescape 2019/12/09 v1.15 Implements pdfTeX's escape features (HO)
)
(/usr/share/texlive/texmf-dist/tex/latex/hycolor/hycolor.sty
Package: hycolor 2020-01-27 v1.10 Color options for hyperref/bookmark (HO)
)
(/usr/share/texlive/texmf-dist/tex/latex/letltxmacro/letltxmacro.sty
Package: letltxmacro 2019/12/03 v1.6 Let assignment for LaTeX macros (HO)
)
(/usr/share/texlive/texmf-dist/tex/latex/auxhook/auxhook.sty
Package: auxhook 2019-12-17 v1.6 Hooks for auxiliary files (HO)
)
(/usr/share/texlive/texmf-dist/tex/latex/kvoptions/kvoptions.sty
Package: kvoptions 2020-10-07 v3.14 Key value format for package options (HO)
)
\@linkdim=\dimen195
\Hy@linkcounter=\count306
\Hy@pagecounter=\count307

(/usr/share/texlive/texmf-dist/tex/latex/hyperref/pd1enc.def
File: pd1enc.def 2021-06-07 v7.00m Hyperref: PDFDocEncoding definition (HO)
Now handling font encoding PD1 ...
... no UTF-8 mapping file for font encoding PD1
)
(/usr/share/texlive/texmf-dist/tex/latex/hyperref/hyperref-langpatches.def
File: hyperref-langpatches.def 2021-06-07 v7.00m Hyperref: patches for babel la
nguages
)
(/usr/share/texlive/texmf-dist/tex/generic/intcalc/intcalc.sty
Package: intcalc 2019/12/15 v1.3 Expandable calculations with integers (HO)
)
(/usr/share/texlive/texmf-dist/tex/generic/etexcmds/etexcmds.sty
Package: etexcmds 2019/12/15 v1.7 Avoid name clashes with e-TeX commands (HO)
)
\Hy@SavedSpaceFactor=\count308

(/usr/share/texlive/texmf-dist/tex/latex/hyperref/puenc.def
File: puenc.def 2021-06-07 v7.00m Hyperref: PDF Unicode definition (HO)
Now handling font encoding PU ...
... no UTF-8 mapping file for font encoding PU
)
Package hyperref Info: Hyper figures OFF on input line 4192.
Package hyperref Info: Link nesting OFF on input line 4197.
Package hyperref Info: Hyper index ON on input line 4200.
Package hyperref Info: Plain pages OFF on input line 4207.
Package hyperref Info: Backreferencing ON on input line 4210.
Package hyperref Info: Implicit mode ON; LaTeX internals redefined.
Package hyperref Info: Bookmarks ON on input line 4445.

(/usr/share/texlive/texmf-dist/tex/latex/hyperref/backref.sty
Package: backref 2021/02/04 v1.41 Bibliographical back referencing

(/usr/share/texlive/texmf-dist/tex/latex/rerunfilecheck/rerunfilecheck.sty
Package: rerunfilecheck 2019/12/05 v1.9 Rerun checks for auxiliary files (HO)

(/usr/share/texlive/texmf-dist/tex/latex/base/atveryend-ltx.sty
Package: atveryend-ltx 2020/08/19 v1.0a Emulation of the original atveryend pac
kage
with kernel methods
)
(/usr/share/texlive/texmf-dist/tex/generic/uniquecounter/uniquecounter.sty
Package: uniquecounter 2019/12/15 v1.4 Provide unlimited unique counter (HO)

(/usr/share/texlive/texmf-dist/tex/generic/bigintcalc/bigintcalc.sty
Package: bigintcalc 2019/12/15 v1.5 Expandable calculations on big integers (HO
)
))
Package uniquecounter Info: New unique counter `rerunfilecheck' on input line 2
86.
))
\c@Hy@tempcnt=\count309

(/usr/share/texlive/texmf-dist/tex/latex/url/url.sty
\Urlmuskip=\muskip16
Package: url 2013/09/16  ver 3.4  Verb mode for urls, etc.
)
LaTeX Info: Redefining \url on input line 4804.
\XeTeXLinkMargin=\dimen196

(/usr/share/texlive/texmf-dist/tex/generic/bitset/bitset.sty
Package: bitset 2019/12/09 v1.3 Handle bit-vector datatype (HO)
)
\Fld@menulength=\count310
\Field@Width=\dimen197
\Fld@charsize=\dimen198
Package hyperref Info: Hyper figures OFF on input line 6076.
Package hyperref Info: Link nesting OFF on input line 6081.
Package hyperref Info: Hyper index ON on input line 6084.
Package hyperref Info: backreferencing ON on input line 6089.
Package hyperref Info: Link coloring OFF on input line 6096.
Package hyperref Info: Link coloring with OCG OFF on input line 6101.
Package hyperref Info: PDF/A mode OFF on input line 6106.
LaTeX Info: Redefining \ref on input line 6146.
LaTeX Info: Redefining \pageref on input line 6150.

(/usr/share/texlive/texmf-dist/tex/latex/base/atbegshi-ltx.sty
Package: atbegshi-ltx 2021/01/10 v1.0c Emulation of the original atbegshi
package with kernel methods
)
\Hy@abspage=\count311
\c@Item=\count312
\c@Hfootnote=\count313


LaTeX Warning: Command \LT@p@ftntext  has changed.
               Check if current package is valid.

)
Package hyperref Info: Driver: hpdftex.
 (/usr/share/texlive/texmf-dist/tex/latex/hyperref/hpdftex.def
File: hpdftex.def 2021-06-07 v7.00m Hyperref driver for pdfTeX
\Fld@listcount=\count314
\c@bookmark@seq@number=\count315
\Hy@SectionHShift=\skip126
)
Package hyperref Info: Option `colorlinks' set `true' on input line 134.
Package hyperref Info: Option `unicode' set `true' on input line 134.

(/usr/share/texlive/texmf-dist/tex/latex/caption/caption.sty
Package: caption 2020/10/26 v3.5g Customizing captions (AR)

(/usr/share/texlive/texmf-dist/tex/latex/caption/caption3.sty
Package: caption3 2020/10/21 v2.2e caption3 kernel (AR)
\captionmargin=\dimen199
\captionmargin@=\dimen256
\captionwidth=\dimen257
\caption@tempdima=\dimen258
\caption@indent=\dimen259
\caption@parindent=\dimen260
\caption@hangindent=\dimen261
Package caption Info: Standard document class detected.
)
\c@caption@flags=\count316
\c@continuedfloat=\count317
Package caption Info: float package is loaded.
Package caption Info: hyperref package is loaded.
Package caption Info: longtable package is loaded.

(/usr/share/texlive/texmf-dist/tex/latex/caption/ltcaption.sty
Package: ltcaption 2020/05/30 v1.4b longtable captions (AR)
))
(/usr/share/texlive/texmf-dist/tex/latex/etoc/etoc.sty
Package: etoc 2021/09/23 v1.09e Completely customisable TOCs (JFB)
\Etoc@toctoks=\toks34
\c@etoc@tocid=\count318
\c@etoc@tocdepth=\count319
\etoc@framed@titlebox=\box118
\etoc@framed@contentsbox=\box119
)
LaTeX Font Info:    Trying to load font information for T1+phv on input line 14
9.

(/usr/share/texlive/texmf-dist/tex/latex/psnfss/t1phv.fd
File: t1phv.fd 2020/03/25 scalable font definitions for T1/phv.
)
LaTeX Font Info:    Font shape `T1/phv/m/n' will be
(Font)              scaled to size 8.99994pt on input line 149.

(/usr/share/texlive/texmf-dist/tex/latex/l3backend/l3backend-pdftex.def
File: l3backend-pdftex.def 2022-01-12 L3 backend support: PDF output (pdfTeX)
\l__color_backend_stack_int=\count320
\l__pdf_internal_box=\box120
)
(./refman.aux

LaTeX Warning: Label `classTang_1_1AstNode_a41e8328d5a342163a5aabcc4cb8f1b5e' m
ultiply defined.


LaTeX Warning: Label `classTang_1_1AstNode_a41e8328d5a342163a5aabcc4cb8f1b5e' m
ultiply defined.


LaTeX Warning: Label `classTang_1_1AstNode_a41e8328d5a342163a5aabcc4cb8f1b5e' m
ultiply defined.


LaTeX Warning: Label `classTang_1_1ComputedExpression_a7265dda9f1e6db478f0c1cd9
c3e37aa9' multiply defined.


LaTeX Warning: Label `classTang_1_1ComputedExpression_aa81900aeb157fdb024f1bb0f
316b4006' multiply defined.


LaTeX Warning: Label `classTang_1_1ComputedExpression_a4b61cc4d447993bfc96dc37b
fd552cef' multiply defined.

)
\openout1 = `refman.aux'.

LaTeX Font Info:    Checking defaults for OML/cmm/m/it on input line 149.
LaTeX Font Info:    ... okay on input line 149.
LaTeX Font Info:    Checking defaults for OMS/cmsy/m/n on input line 149.
LaTeX Font Info:    ... okay on input line 149.
LaTeX Font Info:    Checking defaults for OT1/cmr/m/n on input line 149.
LaTeX Font Info:    ... okay on input line 149.
LaTeX Font Info:    Checking defaults for T1/cmr/m/n on input line 149.
LaTeX Font Info:    ... okay on input line 149.
LaTeX Font Info:    Checking defaults for TS1/cmr/m/n on input line 149.
LaTeX Font Info:    ... okay on input line 149.
LaTeX Font Info:    Checking defaults for OMX/cmex/m/n on input line 149.
LaTeX Font Info:    ... okay on input line 149.
LaTeX Font Info:    Checking defaults for U/cmr/m/n on input line 149.
LaTeX Font Info:    ... okay on input line 149.
LaTeX Font Info:    Checking defaults for PD1/pdf/m/n on input line 149.
LaTeX Font Info:    ... okay on input line 149.
LaTeX Font Info:    Checking defaults for PU/pdf/m/n on input line 149.
LaTeX Font Info:    ... okay on input line 149.
 (/usr/share/texlive/texmf-dist/tex/context/base/mkii/supp-pdf.mkii
[Loading MPS to PDF converter (version 2006.09.02).]
\scratchcounter=\count321
\scratchdimen=\dimen262
\scratchbox=\box121
\nofMPsegments=\count322
\nofMParguments=\count323
\everyMPshowfont=\toks35
\MPscratchCnt=\count324
\MPscratchDim=\dimen263
\MPnumerator=\count325
\makeMPintoPDFobject=\count326
\everyMPtoPDFconversion=\toks36
) (/usr/share/texlive/texmf-dist/tex/latex/epstopdf-pkg/epstopdf-base.sty
Package: epstopdf-base 2020-01-24 v2.11 Base part for package epstopdf
Package epstopdf-base Info: Redefining graphics rule for `.eps' on input line 4
85.

(/usr/share/texlive/texmf-dist/tex/latex/latexconfig/epstopdf-sys.cfg
File: epstopdf-sys.cfg 2010/07/13 v1.3 Configuration of (r)epstopdf for TeX Liv
e
))
*geometry* driver: auto-detecting
*geometry* detected driver: pdftex
*geometry* verbose mode - [ preamble ] result:
* driver: pdftex
* paper: a4paper
* layout: <same size as paper>
* layoutoffset:(h,v)=(0.0pt,0.0pt)
* modes: twoside 
* h-part:(L,W,R)=(71.13188pt, 455.24411pt, 71.13188pt)
* v-part:(T,H,B)=(71.13188pt, 702.78308pt, 71.13188pt)
* \paperwidth=597.50787pt
* \paperheight=845.04684pt
* \textwidth=455.24411pt
* \textheight=702.78308pt
* \oddsidemargin=-1.1381pt
* \evensidemargin=-1.1381pt
* \topmargin=-31.2056pt
* \headheight=12.0pt
* \headsep=18.06749pt
* \topskip=10.0pt
* \footskip=25.29494pt
* \marginparwidth=125.0pt
* \marginparsep=7.0pt
* \columnsep=10.0pt
* \skip\footins=9.0pt plus 4.0pt minus 2.0pt
* \hoffset=0.0pt
* \voffset=0.0pt
* \mag=1000
* \@twocolumnfalse
* \@twosidetrue
* \@mparswitchtrue
* \@reversemarginfalse
* (1in=72.27pt=25.4mm, 1cm=28.453pt)

Package hyperref Info: Link coloring ON on input line 149.
(/usr/share/texlive/texmf-dist/tex/latex/hyperref/nameref.sty
Package: nameref 2021-04-02 v2.47 Cross-referencing by name of section

(/usr/share/texlive/texmf-dist/tex/latex/refcount/refcount.sty
Package: refcount 2019/12/15 v3.6 Data extraction from label references (HO)
)
(/usr/share/texlive/texmf-dist/tex/generic/gettitlestring/gettitlestring.sty
Package: gettitlestring 2019/12/15 v1.6 Cleanup title references (HO)
)
\c@section@level=\count327
)
LaTeX Info: Redefining \ref on input line 149.
LaTeX Info: Redefining \pageref on input line 149.
LaTeX Info: Redefining \nameref on input line 149.

(./refman.out) (./refman.out)
\@outlinefile=\write5
\openout5 = `refman.out'.

Package backref Info: ** backref set up for natbib ** on input line 149.
Package caption Info: Begin \AtBeginDocument code.
Package caption Info: End \AtBeginDocument code.
\Etoc@tf=\read4
Package hyperref Info: Option `pageanchor' set `false' on input line 156.
Package hyperref Info: Option `bookmarksnumbered' set `true' on input line 156.

Package hyperref Info: Option `unicode' set `true' on input line 156.
LaTeX Font Info:    Font shape `T1/phv/m/n' will be
(Font)              scaled to size 12.9599pt on input line 161.
LaTeX Font Info:    Font shape `T1/phv/m/n' will be
(Font)              scaled to size 10.79993pt on input line 161.
LaTeX Font Info:    Font shape `T1/phv/m/n' will be
(Font)              scaled to size 6.29996pt on input line 161.
LaTeX Font Info:    Trying to load font information for U+msa on input line 161
.

(/usr/share/texlive/texmf-dist/tex/latex/amsfonts/umsa.fd
File: umsa.fd 2013/01/14 v3.01 AMS symbols A
)
LaTeX Font Info:    Trying to load font information for U+msb on input line 161
.

(/usr/share/texlive/texmf-dist/tex/latex/amsfonts/umsb.fd
File: umsb.fd 2013/01/14 v3.01 AMS symbols B
)
LaTeX Font Info:    Trying to load font information for U+wasy on input line 16
1.

(/usr/share/texlive/texmf-dist/tex/latex/wasysym/uwasy.fd
File: uwasy.fd 2020/01/19 v2.4 Wasy-2 symbol font definitions
) [1


{/var/lib/texmf/fonts/map/pdftex/updmap/pdftex.map}] [2

]
\tf@toc=\write6
\openout6 = `refman.toc'.

LaTeX Font Info:    Font shape `T1/phv/b/n' will be
(Font)              scaled to size 8.99994pt on input line 169.
LaTeX Font Info:    Font shape `T1/phv/b/n' will be
(Font)              scaled to size 6.29996pt on input line 169.
LaTeX Font Info:    Font shape `T1/phv/m/n' will be
(Font)              scaled to size 7.19995pt on input line 169.
LaTeX Font Info:    Trying to load font information for T1+pcr on input line 16
9.

(/usr/share/texlive/texmf-dist/tex/latex/psnfss/t1pcr.fd
File: t1pcr.fd 2001/06/04 font definitions for T1/pcr.
) [1] [2] [3] [4]
[5] [6

]
Package hyperref Info: Option `pageanchor' set `true' on input line 171.

Chapter 1.
LaTeX Font Info:    Font shape `T1/phv/m/n' will be
(Font)              scaled to size 18.66588pt on input line 174.
LaTeX Font Info:    Font shape `T1/phv/b/n' will be
(Font)              scaled to size 18.66588pt on input line 174.
LaTeX Font Info:    Font shape `T1/phv/bc/n' will be
(Font)              scaled to size 18.66588pt on input line 174.
LaTeX Font Info:    Font shape `T1/phv/m/n' will be
(Font)              scaled to size 22.39185pt on input line 174.
LaTeX Font Info:    Font shape `T1/phv/b/n' will be
(Font)              scaled to size 22.39185pt on input line 174.
LaTeX Font Info:    Font shape `T1/phv/bc/n' will be
(Font)              scaled to size 22.39185pt on input line 174.
LaTeX Font Info:    Font shape `T1/phv/bc/n' will be
(Font)              scaled to size 6.29996pt on input line 174.
(./index.tex
LaTeX Font Info:    Font shape `T1/phv/b/n' will be
(Font)              scaled to size 12.9599pt on input line 1.
LaTeX Font Info:    Trying to load font information for TS1+phv on input line 4
.
 (/usr/share/texlive/texmf-dist/tex/latex/psnfss/ts1phv.fd
File: ts1phv.fd 2020/03/25 scalable font definitions for TS1/phv.
)
LaTeX Font Info:    Font shape `TS1/phv/m/n' will be
(Font)              scaled to size 8.99994pt on input line 4.

[1

]) [2]
Chapter 2.
(./hierarchy.tex) [3

] [4

]
Chapter 3.
(./annotated.tex) [5] [6

]
Chapter 4.
(./files.tex [7]) [8]
Chapter 5.
(./classTang_1_1AstNode.tex <./classTang_1_1AstNode__inherit__graph.pdf

pdfTeX warning: pdflatex (file ./classTang_1_1AstNode__inherit__graph.pdf): PDF
 inclusion: multiple pdfs with page group included in a single page
>
<classTang_1_1AstNode__inherit__graph.pdf, id=1177, 454.69875pt x 156.585pt>
File: classTang_1_1AstNode__inherit__graph.pdf Graphic file (type pdf)
<use classTang_1_1AstNode__inherit__graph.pdf>
Package pdftex.def Info: classTang_1_1AstNode__inherit__graph.pdf  used on inpu
t line 18.
(pdftex.def)             Requested size: 350.0pt x 120.5302pt.
 <./classTang_1_1AstNode__coll__graph.pdf

pdfTeX warning: pdflatex (file ./classTang_1_1AstNode__coll__graph.pdf): PDF in
clusion: multiple pdfs with page group included in a single page
>
<classTang_1_1AstNode__coll__graph.pdf, id=1185, 184.69pt x 381.425pt>
File: classTang_1_1AstNode__coll__graph.pdf Graphic file (type pdf)
<use classTang_1_1AstNode__coll__graph.pdf>
Package pdftex.def Info: classTang_1_1AstNode__coll__graph.pdf  used on input l
ine 27.
(pdftex.def)             Requested size: 184.0pt x 380.00395pt.
 [9

]
LaTeX Font Info:    Font shape `T1/phv/b/n' will be
(Font)              scaled to size 10.79993pt on input line 30.
LaTeX Font Info:    Font shape `T1/phv/m/n' will be
(Font)              scaled to size 8.09995pt on input line 35.
LaTeX Font Info:    Font shape `T1/phv/m/it' in size <9> not available
(Font)              Font shape `T1/phv/m/sl' tried instead on input line 35.
LaTeX Font Info:    Font shape `T1/phv/m/sl' will be
(Font)              scaled to size 8.09995pt on input line 35.
LaTeX Font Info:    Font shape `T1/phv/m/it' in size <7> not available
(Font)              Font shape `T1/phv/m/sl' tried instead on input line 41.
LaTeX Font Info:    Font shape `T1/phv/m/sl' will be
(Font)              scaled to size 6.29996pt on input line 41.
 [10]
LaTeX Font Info:    Font shape `T1/phv/m/it' in size <10> not available
(Font)              Font shape `T1/phv/m/sl' tried instead on input line 60.
LaTeX Font Info:    Font shape `T1/phv/m/sl' will be
(Font)              scaled to size 8.99994pt on input line 60.
LaTeX Font Info:    Font shape `T1/pcr/m/it' in size <8> not available
(Font)              Font shape `T1/pcr/m/sl' tried instead on input line 67.

Underfull \hbox (badness 10000) detected at line 93
[][][]
 []

) (./classTang_1_1AstNodeAdd.tex [11] <./classTang_1_1AstNodeAdd__inherit__grap
h.pdf

pdfTeX warning: pdflatex (file ./classTang_1_1AstNodeAdd__inherit__graph.pdf): 
PDF inclusion: multiple pdfs with page group included in a single page
>
<classTang_1_1AstNodeAdd__inherit__graph.pdf, id=1257, 185.69376pt x 156.585pt>

File: classTang_1_1AstNodeAdd__inherit__graph.pdf Graphic file (type pdf)
<use classTang_1_1AstNodeAdd__inherit__graph.pdf>
Package pdftex.def Info: classTang_1_1AstNodeAdd__inherit__graph.pdf  used on i
nput line 18.
(pdftex.def)             Requested size: 185.0pt x 156.004pt.
 <./classTang_1_1AstNodeAdd__coll__graph.pdf

pdfTeX warning: pdflatex (file ./classTang_1_1AstNodeAdd__coll__graph.pdf): PDF
 inclusion: multiple pdfs with page group included in a single page
>
<classTang_1_1AstNodeAdd__coll__graph.pdf, id=1265, 185.69376pt x 438.63875pt>
File: classTang_1_1AstNodeAdd__coll__graph.pdf Graphic file (type pdf)
<use classTang_1_1AstNodeAdd__coll__graph.pdf>
Package pdftex.def Info: classTang_1_1AstNodeAdd__coll__graph.pdf  used on inpu
t line 27.
(pdftex.def)             Requested size: 185.0pt x 437.01125pt.
 [12]pdfTeX warning (ext4): destination with the same identifier (name{classTan
g_1_1AstNode_a41e8328d5a342163a5aabcc4cb8f1b5e}) has been already used, duplica
te ignored
<to be read again> 
                   \relax 
l.46 ...stNode_a41e8328d5a342163a5aabcc4cb8f1b5e}}
                                                   [13]
Underfull \hbox (badness 10000) detected at line 87
[][][]
 []

) (./classTang_1_1AstNodeFloat.tex <./classTang_1_1AstNodeFloat__inherit__graph
.pdf>
<classTang_1_1AstNodeFloat__inherit__graph.pdf, id=1322, 191.71625pt x 156.585p
t>
File: classTang_1_1AstNodeFloat__inherit__graph.pdf Graphic file (type pdf)
<use classTang_1_1AstNodeFloat__inherit__graph.pdf>
Package pdftex.def Info: classTang_1_1AstNodeFloat__inherit__graph.pdf  used on
 input line 18.
(pdftex.def)             Requested size: 191.0pt x 156.00879pt.
 [14] <./classTang_1_1AstNodeFloat__coll__graph.pdf

pdfTeX warning: pdflatex (file ./classTang_1_1AstNodeFloat__coll__graph.pdf): P
DF inclusion: multiple pdfs with page group included in a single page
>
<classTang_1_1AstNodeFloat__coll__graph.pdf, id=1335, 191.71625pt x 438.63875pt
>
File: classTang_1_1AstNodeFloat__coll__graph.pdf Graphic file (type pdf)
<use classTang_1_1AstNodeFloat__coll__graph.pdf>
Package pdftex.def Info: classTang_1_1AstNodeFloat__coll__graph.pdf  used on in
put line 27.
(pdftex.def)             Requested size: 191.0pt x 437.02463pt.
 [15]pdfTeX warning (ext4): destination with the same identifier (name{classTan
g_1_1AstNode_a41e8328d5a342163a5aabcc4cb8f1b5e}) has been already used, duplica
te ignored
<to be read again> 
                   \relax 
l.46 ...stNode_a41e8328d5a342163a5aabcc4cb8f1b5e}}
                                                   [16]
Underfull \hbox (badness 10000) detected at line 87
[][][]
 []

) (./classTang_1_1AstNodeInteger.tex <./classTang_1_1AstNodeInteger__inherit__g
raph.pdf>
<classTang_1_1AstNodeInteger__inherit__graph.pdf, id=1389, 201.75375pt x 156.58
5pt>
File: classTang_1_1AstNodeInteger__inherit__graph.pdf Graphic file (type pdf)
<use classTang_1_1AstNodeInteger__inherit__graph.pdf>
Package pdftex.def Info: classTang_1_1AstNodeInteger__inherit__graph.pdf  used 
on input line 18.
(pdftex.def)             Requested size: 201.0pt x 156.00162pt.
 [17] <./classTang_1_1AstNodeInteger__coll__graph.pdf

pdfTeX warning: pdflatex (file ./classTang_1_1AstNodeInteger__coll__graph.pdf):
 PDF inclusion: multiple pdfs with page group included in a single page
>
<classTang_1_1AstNodeInteger__coll__graph.pdf, id=1403, 201.75375pt x 438.63875
pt>
File: classTang_1_1AstNodeInteger__coll__graph.pdf Graphic file (type pdf)
<use classTang_1_1AstNodeInteger__coll__graph.pdf>
Package pdftex.def Info: classTang_1_1AstNodeInteger__coll__graph.pdf  used on 
input line 27.
(pdftex.def)             Requested size: 201.0pt x 437.00455pt.
 [18]pdfTeX warning (ext4): destination with the same identifier (name{classTan
g_1_1AstNode_a41e8328d5a342163a5aabcc4cb8f1b5e}) has been already used, duplica
te ignored
<to be read again> 
                   \relax 
l.46 ...stNode_a41e8328d5a342163a5aabcc4cb8f1b5e}}
                                                   [19]
Underfull \hbox (badness 10000) detected at line 87
[][][]
 []

) (./classTang_1_1ComputedExpression.tex <./classTang_1_1ComputedExpression__in
herit__graph.pdf>
<classTang_1_1ComputedExpression__inherit__graph.pdf, id=1455, 415.5525pt x 209
.78375pt>
File: classTang_1_1ComputedExpression__inherit__graph.pdf Graphic file (type pd
f)
<use classTang_1_1ComputedExpression__inherit__graph.pdf>
Package pdftex.def Info: classTang_1_1ComputedExpression__inherit__graph.pdf  u
sed on input line 18.
(pdftex.def)             Requested size: 350.0pt x 176.69728pt.
 [20] [21]
Underfull \hbox (badness 10000) detected at line 58
[][][]
 []


Underfull \hbox (badness 10000) detected at line 75
[][][]
 []


Overfull \hbox (46.48216pt too wide) in paragraph at lines 80--81
[]\T1/phv/m/n/10 Reimplemented in [], [], and []. 
 []

LaTeX Font Info:    Font shape `T1/phv/b/n' will be
(Font)              scaled to size 7.19995pt on input line 85.

Underfull \hbox (badness 10000) detected at line 97
[][][]
 []

[22]
Underfull \hbox (badness 10000) detected at line 119
[][][]
 []


Underfull \hbox (badness 10000) detected at line 136
[][][]
 []


Overfull \hbox (46.48216pt too wide) in paragraph at lines 141--142
[]\T1/phv/m/n/10 Reimplemented in [], [], and []. 
 []

) (./classTang_1_1ComputedExpressionError.tex <./classTang_1_1ComputedExpressio
nError__inherit__graph.pdf

pdfTeX warning: pdflatex (file ./classTang_1_1ComputedExpressionError__inherit_
_graph.pdf): PDF inclusion: multiple pdfs with page group included in a single 
page
>
<classTang_1_1ComputedExpressionError__inherit__graph.pdf, id=1531, 229.85875pt
 x 167.62625pt>
File: classTang_1_1ComputedExpressionError__inherit__graph.pdf Graphic file (ty
pe pdf)
<use classTang_1_1ComputedExpressionError__inherit__graph.pdf>
Package pdftex.def Info: classTang_1_1ComputedExpressionError__inherit__graph.p
df  used on input line 18.
(pdftex.def)             Requested size: 229.0pt x 167.0094pt.
 <./classTang_1_1ComputedExpressionError__coll__graph.pdf

pdfTeX warning: pdflatex (file ./classTang_1_1ComputedExpressionError__coll__gr
aph.pdf): PDF inclusion: multiple pdfs with page group included in a single pag
e
>
<classTang_1_1ComputedExpressionError__coll__graph.pdf, id=1539, 229.85875pt x 
167.62625pt>
File: classTang_1_1ComputedExpressionError__coll__graph.pdf Graphic file (type 
pdf)
<use classTang_1_1ComputedExpressionError__coll__graph.pdf>
Package pdftex.def Info: classTang_1_1ComputedExpressionError__coll__graph.pdf 
 used on input line 27.
(pdftex.def)             Requested size: 229.0pt x 167.0094pt.
 [23] [24]pdfTeX warning (ext4): destination with the same identifier (name{cla
ssTang_1_1ComputedExpression_a7265dda9f1e6db478f0c1cd9c3e37aa9}) has been alrea
dy used, duplicate ignored
<to be read again> 
                   \relax 
l.69 ...ession_a7265dda9f1e6db478f0c1cd9c3e37aa9}}
                                                  
Underfull \hbox (badness 10000) detected at line 84
[][][]
 []


Underfull \hbox (badness 10000) detected at line 101
[][][]
 []

pdfTeX warning (ext4): destination with the same identifier (name{classTang_1_1
ComputedExpression_aa81900aeb157fdb024f1bb0f316b4006}) has been already used, d
uplicate ignored
<to be read again> 
                   \relax 
l.108 ...ssion_aa81900aeb157fdb024f1bb0f316b4006}}
                                                   [25]
Underfull \hbox (badness 10000) detected at line 123
[][][]
 []

pdfTeX warning (ext4): destination with the same identifier (name{classTang_1_1
ComputedExpression_a4b61cc4d447993bfc96dc37bfd552cef}) has been already used, d
uplicate ignored
<to be read again> 
                   \relax 
l.130 ...ssion_a4b61cc4d447993bfc96dc37bfd552cef}}
                                                  
Underfull \hbox (badness 10000) detected at line 145
[][][]
 []


Underfull \hbox (badness 10000) detected at line 162
[][][]
 []

 <./classTang_1_1ComputedExpressionError_a93519a1af765e75ebce373aa8d44f1e5_cgra
ph.pdf

pdfTeX warning: pdflatex (file ./classTang_1_1ComputedExpressionError_a93519a1a
f765e75ebce373aa8d44f1e5_cgraph.pdf): PDF inclusion: multiple pdfs with page gr
oup included in a single page
>
<classTang_1_1ComputedExpressionError_a93519a1af765e75ebce373aa8d44f1e5_cgraph.
pdf, id=1611, 439.6425pt x 111.41624pt>
File: classTang_1_1ComputedExpressionError_a93519a1af765e75ebce373aa8d44f1e5_cg
raph.pdf Graphic file (type pdf)
<use classTang_1_1ComputedExpressionError_a93519a1af765e75ebce373aa8d44f1e5_cgr
aph.pdf>
Package pdftex.def Info: classTang_1_1ComputedExpressionError_a93519a1af765e75e
bce373aa8d44f1e5_cgraph.pdf  used on input line 173.
(pdftex.def)             Requested size: 350.0pt x 88.7013pt.
 [26]) (./classTang_1_1ComputedExpressionFloat.tex <./classTang_1_1ComputedExpr
essionFloat__inherit__graph.pdf>
<classTang_1_1ComputedExpressionFloat__inherit__graph.pdf, id=1629, 229.85875pt
 x 167.62625pt>
File: classTang_1_1ComputedExpressionFloat__inherit__graph.pdf Graphic file (ty
pe pdf)
<use classTang_1_1ComputedExpressionFloat__inherit__graph.pdf>
Package pdftex.def Info: classTang_1_1ComputedExpressionFloat__inherit__graph.p
df  used on input line 18.
(pdftex.def)             Requested size: 229.0pt x 167.0094pt.
 <./classTang_1_1ComputedExpressionFloat__coll__graph.pdf

pdfTeX warning: pdflatex (file ./classTang_1_1ComputedExpressionFloat__coll__gr
aph.pdf): PDF inclusion: multiple pdfs with page group included in a single pag
e
>
<classTang_1_1ComputedExpressionFloat__coll__graph.pdf, id=1637, 229.85875pt x 
167.62625pt>
File: classTang_1_1ComputedExpressionFloat__coll__graph.pdf Graphic file (type 
pdf)
<use classTang_1_1ComputedExpressionFloat__coll__graph.pdf>
Package pdftex.def Info: classTang_1_1ComputedExpressionFloat__coll__graph.pdf 
 used on input line 27.
(pdftex.def)             Requested size: 229.0pt x 167.0094pt.
 [27] [28]
Underfull \hbox (badness 10000) detected at line 90
[][][]
 []


Underfull \hbox (badness 10000) detected at line 107
[][][]
 []


Underfull \hbox (badness 10000) detected at line 129
[][][]
 []

[29]
Underfull \hbox (badness 10000) detected at line 151
[][][]
 []


Underfull \hbox (badness 10000) detected at line 168
[][][]
 []

 <./classTang_1_1ComputedExpressionFloat_a67536e513f07f9324eb9af476df5a704_cgra
ph.pdf

pdfTeX warning: pdflatex (file ./classTang_1_1ComputedExpressionFloat_a67536e51
3f07f9324eb9af476df5a704_cgraph.pdf): PDF inclusion: multiple pdfs with page gr
oup included in a single page
>
<classTang_1_1ComputedExpressionFloat_a67536e513f07f9324eb9af476df5a704_cgraph.
pdf, id=1693, 442.65375pt x 111.41624pt>
File: classTang_1_1ComputedExpressionFloat_a67536e513f07f9324eb9af476df5a704_cg
raph.pdf Graphic file (type pdf)
<use classTang_1_1ComputedExpressionFloat_a67536e513f07f9324eb9af476df5a704_cgr
aph.pdf>
Package pdftex.def Info: classTang_1_1ComputedExpressionFloat_a67536e513f07f932
4eb9af476df5a704_cgraph.pdf  used on input line 179.
(pdftex.def)             Requested size: 350.0pt x 88.09946pt.
) (./classTang_1_1ComputedExpressionInteger.tex <./classTang_1_1ComputedExpress
ionInteger__inherit__graph.pdf

pdfTeX warning: pdflatex (file ./classTang_1_1ComputedExpressionInteger__inheri
t__graph.pdf): PDF inclusion: multiple pdfs with page group included in a singl
e page
>
<classTang_1_1ComputedExpressionInteger__inherit__graph.pdf, id=1704, 229.85875
pt x 167.62625pt>
File: classTang_1_1ComputedExpressionInteger__inherit__graph.pdf Graphic file (
type pdf)
<use classTang_1_1ComputedExpressionInteger__inherit__graph.pdf>
Package pdftex.def Info: classTang_1_1ComputedExpressionInteger__inherit__graph
.pdf  used on input line 18.
(pdftex.def)             Requested size: 229.0pt x 167.0094pt.
 [30] <./classTang_1_1ComputedExpressionInteger__coll__graph.pdf>
<classTang_1_1ComputedExpressionInteger__coll__graph.pdf, id=1719, 229.85875pt 
x 167.62625pt>
File: classTang_1_1ComputedExpressionInteger__coll__graph.pdf Graphic file (typ
e pdf)
<use classTang_1_1ComputedExpressionInteger__coll__graph.pdf>
Package pdftex.def Info: classTang_1_1ComputedExpressionInteger__coll__graph.pd
f  used on input line 27.
(pdftex.def)             Requested size: 229.0pt x 167.0094pt.
 [31]
Underfull \hbox (badness 10000) detected at line 90
[][][]
 []

[32]
Underfull \hbox (badness 10000) detected at line 107
[][][]
 []


Underfull \hbox (badness 10000) detected at line 129
[][][]
 []


Underfull \hbox (badness 10000) detected at line 151
[][][]
 []

[33]
Underfull \hbox (badness 10000) detected at line 168
[][][]
 []

 <./classTang_1_1ComputedExpressionInteger_a1e1eb2070905763c0e81d1f06a3463d8_cg
raph.pdf

pdfTeX warning: pdflatex (file ./classTang_1_1ComputedExpressionInteger_a1e1eb2
070905763c0e81d1f06a3463d8_cgraph.pdf): PDF inclusion: multiple pdfs with page 
group included in a single page
>
<classTang_1_1ComputedExpressionInteger_a1e1eb2070905763c0e81d1f06a3463d8_cgrap
h.pdf, id=1775, 461.725pt x 111.41624pt>
File: classTang_1_1ComputedExpressionInteger_a1e1eb2070905763c0e81d1f06a3463d8_
cgraph.pdf Graphic file (type pdf)
<use classTang_1_1ComputedExpressionInteger_a1e1eb2070905763c0e81d1f06a3463d8_c
graph.pdf>
Package pdftex.def Info: classTang_1_1ComputedExpressionInteger_a1e1eb207090576
3c0e81d1f06a3463d8_cgraph.pdf  used on input line 179.
(pdftex.def)             Requested size: 350.0pt x 84.4562pt.
) (./classTang_1_1Error.tex <./classTang_1_1Error__coll__graph.pdf

pdfTeX warning: pdflatex (file ./classTang_1_1Error__coll__graph.pdf): PDF incl
usion: multiple pdfs with page group included in a single page
>
<classTang_1_1Error__coll__graph.pdf, id=1786, 228.855pt x 381.425pt>
File: classTang_1_1Error__coll__graph.pdf Graphic file (type pdf)
<use classTang_1_1Error__coll__graph.pdf>
Package pdftex.def Info: classTang_1_1Error__coll__graph.pdf  used on input lin
e 18.
(pdftex.def)             Requested size: 228.0pt x 380.0156pt.
 [34] [35]) (./classTang_1_1GarbageCollected.tex <./classTang_1_1GarbageCollect
ed__coll__graph.pdf>
<classTang_1_1GarbageCollected__coll__graph.pdf, id=1836, 229.85875pt x 167.626
25pt>
File: classTang_1_1GarbageCollected__coll__graph.pdf Graphic file (type pdf)
<use classTang_1_1GarbageCollected__coll__graph.pdf>
Package pdftex.def Info: classTang_1_1GarbageCollected__coll__graph.pdf  used o
n input line 18.
(pdftex.def)             Requested size: 229.0pt x 167.0094pt.
 [36] [37] [38]
Underfull \hbox (badness 10000) detected at line 155
[][][]
 []

 <./classTang_1_1GarbageCollected_acb3de1421025af18d948dfae7dad5fb0_cgraph.pdf

pdfTeX warning: pdflatex (file ./classTang_1_1GarbageCollected_acb3de1421025af1
8d948dfae7dad5fb0_cgraph.pdf): PDF inclusion: multiple pdfs with page group inc
luded in a single page
>
<classTang_1_1GarbageCollected_acb3de1421025af18d948dfae7dad5fb0_cgraph.pdf, id
=1929, 392.46625pt x 111.41624pt>
File: classTang_1_1GarbageCollected_acb3de1421025af18d948dfae7dad5fb0_cgraph.pd
f Graphic file (type pdf)
<use classTang_1_1GarbageCollected_acb3de1421025af18d948dfae7dad5fb0_cgraph.pdf
>
Package pdftex.def Info: classTang_1_1GarbageCollected_acb3de1421025af18d948dfa
e7dad5fb0_cgraph.pdf  used on input line 162.
(pdftex.def)             Requested size: 350.0pt x 99.36755pt.
 [39]
Underfull \hbox (badness 10000) detected at line 175
[][][]
 []


Underfull \hbox (badness 10000) detected at line 193
[][][]
 []

 <./classTang_1_1GarbageCollected_aecc3c9f3d355fe43e5bf3db6a7cccb2d_cgraph.pdf

pdfTeX warning: pdflatex (file ./classTang_1_1GarbageCollected_aecc3c9f3d355fe4
3e5bf3db6a7cccb2d_cgraph.pdf): PDF inclusion: multiple pdfs with page group inc
luded in a single page
>
<classTang_1_1GarbageCollected_aecc3c9f3d355fe43e5bf3db6a7cccb2d_cgraph.pdf, id
=1948, 398.48875pt x 111.41624pt>
File: classTang_1_1GarbageCollected_aecc3c9f3d355fe43e5bf3db6a7cccb2d_cgraph.pd
f Graphic file (type pdf)
<use classTang_1_1GarbageCollected_aecc3c9f3d355fe43e5bf3db6a7cccb2d_cgraph.pdf
>
Package pdftex.def Info: classTang_1_1GarbageCollected_aecc3c9f3d355fe43e5bf3db
6a7cccb2d_cgraph.pdf  used on input line 200.
(pdftex.def)             Requested size: 350.0pt x 97.86298pt.
 [40]
Underfull \hbox (badness 10000) detected at line 213
[][][]
 []

 <./classTang_1_1GarbageCollected_ae3c11ed5cee365f7cb47aac9d4094482_cgraph.pdf>
<classTang_1_1GarbageCollected_ae3c11ed5cee365f7cb47aac9d4094482_cgraph.pdf, id
=1970, 381.425pt x 111.41624pt>
File: classTang_1_1GarbageCollected_ae3c11ed5cee365f7cb47aac9d4094482_cgraph.pd
f Graphic file (type pdf)
<use classTang_1_1GarbageCollected_ae3c11ed5cee365f7cb47aac9d4094482_cgraph.pdf
>
Package pdftex.def Info: classTang_1_1GarbageCollected_ae3c11ed5cee365f7cb47aac
9d4094482_cgraph.pdf  used on input line 235.
(pdftex.def)             Requested size: 350.0pt x 102.24068pt.

Overfull \vbox (8.06633pt too high) has occurred while \output is active []


[41] <./classTang_1_1GarbageCollected_a6354db39b643c1828754ff1fe8856b1a_cgraph.
pdf>
<classTang_1_1GarbageCollected_a6354db39b643c1828754ff1fe8856b1a_cgraph.pdf, id
=1992, 381.425pt x 111.41624pt>
File: classTang_1_1GarbageCollected_a6354db39b643c1828754ff1fe8856b1a_cgraph.pd
f Graphic file (type pdf)
<use classTang_1_1GarbageCollected_a6354db39b643c1828754ff1fe8856b1a_cgraph.pdf
>
Package pdftex.def Info: classTang_1_1GarbageCollected_a6354db39b643c1828754ff1
fe8856b1a_cgraph.pdf  used on input line 257.
(pdftex.def)             Requested size: 350.0pt x 102.24068pt.

Underfull \hbox (badness 10000) detected at line 275
[][][]
 []


Underfull \hbox (badness 10000) detected at line 293
[][][]
 []

[42]
Underfull \hbox (badness 10000) detected at line 316
[][][]
 []

) (./classTang_1_1location.tex <./classTang_1_1location__coll__graph.pdf>
<classTang_1_1location__coll__graph.pdf, id=2015, 184.69pt x 314.17375pt>
File: classTang_1_1location__coll__graph.pdf Graphic file (type pdf)
<use classTang_1_1location__coll__graph.pdf>
Package pdftex.def Info: classTang_1_1location__coll__graph.pdf  used on input 
line 18.
(pdftex.def)             Requested size: 184.0pt x 313.00325pt.

[43]) (./classTang_1_1position.tex <./classTang_1_1position__coll__graph.pdf>
<classTang_1_1position__coll__graph.pdf, id=2066, 184.69pt x 235.88126pt>
File: classTang_1_1position__coll__graph.pdf Graphic file (type pdf)
<use classTang_1_1position__coll__graph.pdf>
Package pdftex.def Info: classTang_1_1position__coll__graph.pdf  used on input 
line 18.
(pdftex.def)             Requested size: 184.0pt x 235.00246pt.

[44] [45]) (./classTang_1_1Program.tex <./classTang_1_1Program__coll__graph.pdf
>
<classTang_1_1Program__coll__graph.pdf, id=2135, 184.69pt x 235.88126pt>
File: classTang_1_1Program__coll__graph.pdf Graphic file (type pdf)
<use classTang_1_1Program__coll__graph.pdf>
Package pdftex.def Info: classTang_1_1Program__coll__graph.pdf  used on input l
ine 18.
(pdftex.def)             Requested size: 184.0pt x 235.00246pt.
 [46]
LaTeX Font Info:    Font shape `TS1/phv/m/it' in size <9> not available
(Font)              Font shape `TS1/phv/m/sl' tried instead on input line 59.
LaTeX Font Info:    Font shape `TS1/phv/m/sl' will be
(Font)              scaled to size 8.09995pt on input line 59.
 [47]
LaTeX Font Info:    Font shape `T1/pcr/m/it' in size <7> not available
(Font)              Font shape `T1/pcr/m/sl' tried instead on input line 99.
 [48]
Underfull \hbox (badness 10000) detected at line 140
[][][]
 []


Underfull \hbox (badness 10000) detected at line 153
[][][]
 []


Underfull \hbox (badness 10000) detected at line 168
[][][]
 []


Underfull \hbox (badness 10000) detected at line 181
[][][]
 []


Underfull \hbox (badness 10000) detected at line 194
[][][]
 []

) (./classTang_1_1SingletonObjectPool.tex

Package hyperref Warning: Token not allowed in a PDF string (Unicode):
(hyperref)                removing `math shift' on input line 1.


Package hyperref Warning: Token not allowed in a PDF string (Unicode):
(hyperref)                removing `math shift' on input line 1.


Package hyperref Warning: Token not allowed in a PDF string (Unicode):
(hyperref)                removing `math shift' on input line 1.


Package hyperref Warning: Token not allowed in a PDF string (Unicode):
(hyperref)                removing `math shift' on input line 1.

[49]
Underfull \hbox (badness 10000) detected at line 32
[][][]
 []


Underfull \hbox (badness 10000) in paragraph at lines 39--41
\T1/pcr/m/n/8 static []$\OML/cmm/m/it/8 <$\T1/pcr/m/n/8 T$\OML/cmm/m/it/8 >$\T1
/pcr/m/n/8 & []$\OML/cmm/m/it/8 <$ \T1/pcr/m/n/8 T $\OML/cmm/m/it/8 >$[]\T1/pcr
/m/n/8 ::get[]Instance ( ) [inline],
 []

[50]
Underfull \hbox (badness 10000) detected at line 46
[][][]
 []

) (./classTang_1_1TangBase.tex [51]
Underfull \hbox (badness 10000) detected at line 64
[][][]
 []

) (./classTang_1_1TangScanner.tex [52] <./classTang_1_1TangScanner__inherit__gr
aph.pdf

pdfTeX warning: pdflatex (file ./classTang_1_1TangScanner__inherit__graph.pdf):
 PDF inclusion: multiple pdfs with page group included in a single page
>
<classTang_1_1TangScanner__inherit__graph.pdf, id=2285, 189.70876pt x 156.585pt
>
File: classTang_1_1TangScanner__inherit__graph.pdf Graphic file (type pdf)
<use classTang_1_1TangScanner__inherit__graph.pdf>
Package pdftex.def Info: classTang_1_1TangScanner__inherit__graph.pdf  used on 
input line 18.
(pdftex.def)             Requested size: 189.0pt x 156.004pt.
 <./classTang_1_1TangScanner__coll__graph.pdf

pdfTeX warning: pdflatex (file ./classTang_1_1TangScanner__coll__graph.pdf): PD
F inclusion: multiple pdfs with page group included in a single page
>
<classTang_1_1TangScanner__coll__graph.pdf, id=2293, 189.70876pt x 156.585pt>
File: classTang_1_1TangScanner__coll__graph.pdf Graphic file (type pdf)
<use classTang_1_1TangScanner__coll__graph.pdf>
Package pdftex.def Info: classTang_1_1TangScanner__coll__graph.pdf  used on inp
ut line 27.
(pdftex.def)             Requested size: 189.0pt x 156.004pt.
LaTeX Font Info:    Font shape `T1/pcr/m/it' in size <9> not available
(Font)              Font shape `T1/pcr/m/sl' tried instead on input line 36.
 [53]
Underfull \hbox (badness 10000) detected at line 79
[][][]
 []

) [54]
Chapter 6.
(./location_8hh.tex <./location_8hh__incl.pdf

pdfTeX warning: pdflatex (file ./location_8hh__incl.pdf): PDF inclusion: multip
le pdfs with page group included in a single page
>
<location_8hh__incl.pdf, id=2324, 230.8625pt x 156.585pt>
File: location_8hh__incl.pdf Graphic file (type pdf)
<use location_8hh__incl.pdf>
Package pdftex.def Info: location_8hh__incl.pdf  used on input line 14.
(pdftex.def)             Requested size: 230.0pt x 156.00162pt.
 <./location_8hh__dep__incl.pdf

pdfTeX warning: pdflatex (file ./location_8hh__dep__incl.pdf): PDF inclusion: m
ultiple pdfs with page group included in a single page
>
<location_8hh__dep__incl.pdf, id=2332, 2112.89375pt x 336.25626pt>
File: location_8hh__dep__incl.pdf Graphic file (type pdf)
<use location_8hh__dep__incl.pdf>
Package pdftex.def Info: location_8hh__dep__incl.pdf  used on input line 21.
(pdftex.def)             Requested size: 350.0pt x 55.7005pt.
 [55

] [56]) (./astNode_8hpp.tex <./astNode_8hpp__incl.pdf

pdfTeX warning: pdflatex (file ./astNode_8hpp__incl.pdf): PDF inclusion: multip
le pdfs with page group included in a single page
>
<astNode_8hpp__incl.pdf, id=2384, 692.5875pt x 325.215pt>
File: astNode_8hpp__incl.pdf Graphic file (type pdf)
<use astNode_8hpp__incl.pdf>
Package pdftex.def Info: astNode_8hpp__incl.pdf  used on input line 15.
(pdftex.def)             Requested size: 350.0pt x 164.34889pt.
 <./astNode_8hpp__dep__incl.pdf

pdfTeX warning: pdflatex (file ./astNode_8hpp__dep__incl.pdf): PDF inclusion: m
ultiple pdfs with page group included in a single page
>
<astNode_8hpp__dep__incl.pdf, id=2392, 1224.575pt x 269.005pt>
File: astNode_8hpp__dep__incl.pdf Graphic file (type pdf)
<use astNode_8hpp__dep__incl.pdf>
Package pdftex.def Info: astNode_8hpp__dep__incl.pdf  used on input line 22.
(pdftex.def)             Requested size: 350.0pt x 76.88477pt.
 [57]) (./astNodeAdd_8hpp.tex <./astNodeAdd_8hpp__incl.pdf>
<astNodeAdd_8hpp__incl.pdf, id=2410, 692.5875pt x 381.425pt>
File: astNodeAdd_8hpp__incl.pdf Graphic file (type pdf)
<use astNodeAdd_8hpp__incl.pdf>
Package pdftex.def Info: astNodeAdd_8hpp__incl.pdf  used on input line 8.
(pdftex.def)             Requested size: 350.0pt x 192.75487pt.
 <./astNodeAdd_8hpp__dep__incl.pdf

pdfTeX warning: pdflatex (file ./astNodeAdd_8hpp__dep__incl.pdf): PDF inclusion
: multiple pdfs with page group included in a single page
>
<astNodeAdd_8hpp__dep__incl.pdf, id=2418, 215.80624pt x 156.585pt>
File: astNodeAdd_8hpp__dep__incl.pdf Graphic file (type pdf)
<use astNodeAdd_8hpp__dep__incl.pdf>
Package pdftex.def Info: astNodeAdd_8hpp__dep__incl.pdf  used on input line 15.

(pdftex.def)             Requested size: 215.0pt x 156.004pt.
 [58]) (./astNodeFloat_8hpp.tex <./astNodeFloat_8hpp__incl.pdf>
<astNodeFloat_8hpp__incl.pdf, id=2437, 692.5875pt x 381.425pt>
File: astNodeFloat_8hpp__incl.pdf Graphic file (type pdf)
<use astNodeFloat_8hpp__incl.pdf>
Package pdftex.def Info: astNodeFloat_8hpp__incl.pdf  used on input line 8.
(pdftex.def)             Requested size: 350.0pt x 192.75487pt.
 <./astNodeFloat_8hpp__dep__incl.pdf

pdfTeX warning: pdflatex (file ./astNodeFloat_8hpp__dep__incl.pdf): PDF inclusi
on: multiple pdfs with page group included in a single page
>
<astNodeFloat_8hpp__dep__incl.pdf, id=2445, 221.82875pt x 156.585pt>
File: astNodeFloat_8hpp__dep__incl.pdf Graphic file (type pdf)
<use astNodeFloat_8hpp__dep__incl.pdf>
Package pdftex.def Info: astNodeFloat_8hpp__dep__incl.pdf  used on input line 1
5.
(pdftex.def)             Requested size: 221.0pt x 155.99922pt.
 [59]) (./astNodeInteger_8hpp.tex <./astNodeInteger_8hpp__incl.pdf>
<astNodeInteger_8hpp__incl.pdf, id=2464, 692.5875pt x 381.425pt>
File: astNodeInteger_8hpp__incl.pdf Graphic file (type pdf)
<use astNodeInteger_8hpp__incl.pdf>
Package pdftex.def Info: astNodeInteger_8hpp__incl.pdf  used on input line 8.
(pdftex.def)             Requested size: 350.0pt x 192.75487pt.
 <./astNodeInteger_8hpp__dep__incl.pdf

pdfTeX warning: pdflatex (file ./astNodeInteger_8hpp__dep__incl.pdf): PDF inclu
sion: multiple pdfs with page group included in a single page
>
<astNodeInteger_8hpp__dep__incl.pdf, id=2472, 230.8625pt x 156.585pt>
File: astNodeInteger_8hpp__dep__incl.pdf Graphic file (type pdf)
<use astNodeInteger_8hpp__dep__incl.pdf>
Package pdftex.def Info: astNodeInteger_8hpp__dep__incl.pdf  used on input line
 15.
(pdftex.def)             Requested size: 230.0pt x 156.00162pt.
 [60]) (./computedExpression_8hpp.tex <./computedExpression_8hpp__incl.pdf>
<computedExpression_8hpp__incl.pdf, id=2490, 400.49625pt x 269.005pt>
File: computedExpression_8hpp__incl.pdf Graphic file (type pdf)
<use computedExpression_8hpp__incl.pdf>
Package pdftex.def Info: computedExpression_8hpp__incl.pdf  used on input line 
10.
(pdftex.def)             Requested size: 350.0pt x 235.09967pt.
 <./computedExpression_8hpp__dep__incl.pdf

pdfTeX warning: pdflatex (file ./computedExpression_8hpp__dep__incl.pdf): PDF i
nclusion: multiple pdfs with page group included in a single page
>
<computedExpression_8hpp__dep__incl.pdf, id=2498, 1418.29875pt x 392.46625pt>
File: computedExpression_8hpp__dep__incl.pdf Graphic file (type pdf)
<use computedExpression_8hpp__dep__incl.pdf>
Package pdftex.def Info: computedExpression_8hpp__dep__incl.pdf  used on input 
line 17.
(pdftex.def)             Requested size: 350.0pt x 96.84674pt.
 [61]) (./computedExpressionError_8hpp.tex <./computedExpressionError_8hpp__inc
l.pdf>
<computedExpressionError_8hpp__incl.pdf, id=2515, 439.6425pt x 336.25626pt>
File: computedExpressionError_8hpp__incl.pdf Graphic file (type pdf)
<use computedExpressionError_8hpp__incl.pdf>
Package pdftex.def Info: computedExpressionError_8hpp__incl.pdf  used on input 
line 9.
(pdftex.def)             Requested size: 350.0pt x 267.70213pt.
 <./computedExpressionError_8hpp__dep__incl.pdf

pdfTeX warning: pdflatex (file ./computedExpressionError_8hpp__dep__incl.pdf): 
PDF inclusion: multiple pdfs with page group included in a single page
>
<computedExpressionError_8hpp__dep__incl.pdf, id=2523, 1114.1625pt x 167.62625p
t>
File: computedExpressionError_8hpp__dep__incl.pdf Graphic file (type pdf)
<use computedExpressionError_8hpp__dep__incl.pdf>
Package pdftex.def Info: computedExpressionError_8hpp__dep__incl.pdf  used on i
nput line 16.
(pdftex.def)             Requested size: 350.0pt x 52.65674pt.
 [62]) (./computedExpressionFloat_8hpp.tex <./computedExpressionFloat_8hpp__inc
l.pdf>
<computedExpressionFloat_8hpp__incl.pdf, id=2542, 400.49625pt x 336.25626pt>
File: computedExpressionFloat_8hpp__incl.pdf Graphic file (type pdf)
<use computedExpressionFloat_8hpp__incl.pdf>
Package pdftex.def Info: computedExpressionFloat_8hpp__incl.pdf  used on input 
line 8.
(pdftex.def)             Requested size: 350.0pt x 293.8746pt.
 <./computedExpressionFloat_8hpp__dep__incl.pdf

pdfTeX warning: pdflatex (file ./computedExpressionFloat_8hpp__dep__incl.pdf): 
PDF inclusion: multiple pdfs with page group included in a single page
>
<computedExpressionFloat_8hpp__dep__incl.pdf, id=2550, 627.34375pt x 167.62625p
t>
File: computedExpressionFloat_8hpp__dep__incl.pdf Graphic file (type pdf)
<use computedExpressionFloat_8hpp__dep__incl.pdf>
Package pdftex.def Info: computedExpressionFloat_8hpp__dep__incl.pdf  used on i
nput line 15.
(pdftex.def)             Requested size: 350.0pt x 93.52219pt.
) (./computedExpressionInteger_8hpp.tex <./computedExpressionInteger_8hpp__incl
.pdf

pdfTeX warning: pdflatex (file ./computedExpressionInteger_8hpp__incl.pdf): PDF
 inclusion: multiple pdfs with page group included in a single page
>
<computedExpressionInteger_8hpp__incl.pdf, id=2560, 400.49625pt x 336.25626pt>
File: computedExpressionInteger_8hpp__incl.pdf Graphic file (type pdf)
<use computedExpressionInteger_8hpp__incl.pdf>
Package pdftex.def Info: computedExpressionInteger_8hpp__incl.pdf  used on inpu
t line 8.
(pdftex.def)             Requested size: 350.0pt x 293.8746pt.
 [63] <./computedExpressionInteger_8hpp__dep__incl.pdf>
<computedExpressionInteger_8hpp__dep__incl.pdf, id=2577, 627.34375pt x 167.6262
5pt>
File: computedExpressionInteger_8hpp__dep__incl.pdf Graphic file (type pdf)
<use computedExpressionInteger_8hpp__dep__incl.pdf>
Package pdftex.def Info: computedExpressionInteger_8hpp__dep__incl.pdf  used on
 input line 15.
(pdftex.def)             Requested size: 350.0pt x 93.52219pt.
) (./error_8hpp.tex <./error_8hpp__incl.pdf

pdfTeX warning: pdflatex (file ./error_8hpp__incl.pdf): PDF inclusion: multiple
 pdfs with page group included in a single page
>
<error_8hpp__incl.pdf, id=2587, 202.7575pt x 212.795pt>
File: error_8hpp__incl.pdf Graphic file (type pdf)
<use error_8hpp__incl.pdf>
Package pdftex.def Info: error_8hpp__incl.pdf  used on input line 14.
(pdftex.def)             Requested size: 202.0pt x 212.00543pt.
 [64] <./error_8hpp__dep__incl.pdf>
<error_8hpp__dep__incl.pdf, id=2603, 1752.5475pt x 336.25626pt>
File: error_8hpp__dep__incl.pdf Graphic file (type pdf)
<use error_8hpp__dep__incl.pdf>
Package pdftex.def Info: error_8hpp__dep__incl.pdf  used on input line 21.
(pdftex.def)             Requested size: 350.0pt x 67.15257pt.
) (./garbageCollected_8hpp.tex <./garbageCollected_8hpp__incl.pdf

pdfTeX warning: pdflatex (file ./garbageCollected_8hpp__incl.pdf): PDF inclusio
n: multiple pdfs with page group included in a single page
>
<garbageCollected_8hpp__incl.pdf, id=2614, 458.71375pt x 212.795pt>
File: garbageCollected_8hpp__incl.pdf Graphic file (type pdf)
<use garbageCollected_8hpp__incl.pdf>
Package pdftex.def Info: garbageCollected_8hpp__incl.pdf  used on input line 10
.
(pdftex.def)             Requested size: 350.0pt x 162.37201pt.
 [65] <./garbageCollected_8hpp__dep__incl.pdf>
<garbageCollected_8hpp__dep__incl.pdf, id=2631, 1725.44624pt x 392.46625pt>
File: garbageCollected_8hpp__dep__incl.pdf Graphic file (type pdf)
<use garbageCollected_8hpp__dep__incl.pdf>
Package pdftex.def Info: garbageCollected_8hpp__dep__incl.pdf  used on input li
ne 17.
(pdftex.def)             Requested size: 350.0pt x 79.60571pt.
) (./macros_8hpp.tex [66])
(./opcode_8hpp.tex <./opcode_8hpp__dep__incl.pdf>
<opcode_8hpp__dep__incl.pdf, id=2652, 826.08624pt x 156.585pt>
File: opcode_8hpp__dep__incl.pdf Graphic file (type pdf)
<use opcode_8hpp__dep__incl.pdf>
Package pdftex.def Info: opcode_8hpp__dep__incl.pdf  used on input line 12.
(pdftex.def)             Requested size: 350.0pt x 66.34344pt.
 [67]) (./program_8hpp.tex <./program_8hpp__incl.pdf>
<program_8hpp__incl.pdf, id=2679, 612.2875pt x 325.215pt>
File: program_8hpp__incl.pdf Graphic file (type pdf)
<use program_8hpp__incl.pdf>
Package pdftex.def Info: program_8hpp__incl.pdf  used on input line 19.
(pdftex.def)             Requested size: 350.0pt x 185.90048pt.
 <./program_8hpp__dep__incl.pdf

pdfTeX warning: pdflatex (file ./program_8hpp__dep__incl.pdf): PDF inclusion: m
ultiple pdfs with page group included in a single page
>
<program_8hpp__dep__incl.pdf, id=2687, 1278.7775pt x 269.005pt>
File: program_8hpp__dep__incl.pdf Graphic file (type pdf)
<use program_8hpp__dep__incl.pdf>
Package pdftex.def Info: program_8hpp__dep__incl.pdf  used on input line 26.
(pdftex.def)             Requested size: 350.0pt x 73.62564pt.
) (./singletonObjectPool_8hpp.tex [68] <./singletonObjectPool_8hpp__incl.pdf>
<singletonObjectPool_8hpp__incl.pdf, id=2707, 253.94875pt x 156.585pt>
File: singletonObjectPool_8hpp__incl.pdf Graphic file (type pdf)
<use singletonObjectPool_8hpp__incl.pdf>
Package pdftex.def Info: singletonObjectPool_8hpp__incl.pdf  used on input line
 9.
(pdftex.def)             Requested size: 253.0pt x 156.0064pt.
 <./singletonObjectPool_8hpp__dep__incl.pdf

pdfTeX warning: pdflatex (file ./singletonObjectPool_8hpp__dep__incl.pdf): PDF 
inclusion: multiple pdfs with page group included in a single page
>
<singletonObjectPool_8hpp__dep__incl.pdf, id=2715, 1725.44624pt x 459.7175pt>
File: singletonObjectPool_8hpp__dep__incl.pdf Graphic file (type pdf)
<use singletonObjectPool_8hpp__dep__incl.pdf>
Package pdftex.def Info: singletonObjectPool_8hpp__dep__incl.pdf  used on input
 line 16.
(pdftex.def)             Requested size: 350.0pt x 93.2466pt.
) (./tang_8hpp.tex <./tang_8hpp__incl.pdf

pdfTeX warning: pdflatex (file ./tang_8hpp__incl.pdf): PDF inclusion: multiple 
pdfs with page group included in a single page
>
<tang_8hpp__incl.pdf, id=2725, 675.52374pt x 437.635pt>
File: tang_8hpp__incl.pdf Graphic file (type pdf)
<use tang_8hpp__incl.pdf>
Package pdftex.def Info: tang_8hpp__incl.pdf  used on input line 17.
(pdftex.def)             Requested size: 350.0pt x 226.75014pt.
 [69]) (./tangBase_8hpp.tex <./tangBase_8hpp__incl.pdf>
<tangBase_8hpp__incl.pdf, id=2746, 585.18625pt x 381.425pt>
File: tangBase_8hpp__incl.pdf Graphic file (type pdf)
<use tangBase_8hpp__incl.pdf>
Package pdftex.def Info: tangBase_8hpp__incl.pdf  used on input line 14.
(pdftex.def)             Requested size: 350.0pt x 228.14088pt.
 [70] <./tangBase_8hpp__dep__incl.pdf>
<tangBase_8hpp__dep__incl.pdf, id=2760, 297.11pt x 156.585pt>
File: tangBase_8hpp__dep__incl.pdf Graphic file (type pdf)
<use tangBase_8hpp__dep__incl.pdf>
Package pdftex.def Info: tangBase_8hpp__dep__incl.pdf  used on input line 21.
(pdftex.def)             Requested size: 296.0pt x 156.0064pt.
) (./tangScanner_8hpp.tex <./tangScanner_8hpp__incl.pdf

pdfTeX warning: pdflatex (file ./tangScanner_8hpp__incl.pdf): PDF inclusion: mu
ltiple pdfs with page group included in a single page
>
<tangScanner_8hpp__incl.pdf, id=2771, 339.2675pt x 156.585pt>
File: tangScanner_8hpp__incl.pdf Graphic file (type pdf)
<use tangScanner_8hpp__incl.pdf>
Package pdftex.def Info: tangScanner_8hpp__incl.pdf  used on input line 15.
(pdftex.def)             Requested size: 338.0pt x 156.0064pt.
 [71] <./tangScanner_8hpp__dep__incl.pdf>
<tangScanner_8hpp__dep__incl.pdf, id=2789, 216.81pt x 156.585pt>
File: tangScanner_8hpp__dep__incl.pdf Graphic file (type pdf)
<use tangScanner_8hpp__dep__incl.pdf>
Package pdftex.def Info: tangScanner_8hpp__dep__incl.pdf  used on input line 22
.
(pdftex.def)             Requested size: 216.0pt x 156.00879pt.
) (./astNode_8cpp.tex <./astNode_8cpp__incl.pdf

pdfTeX warning: pdflatex (file ./astNode_8cpp__incl.pdf): PDF inclusion: multip
le pdfs with page group included in a single page
>
<astNode_8cpp__incl.pdf, id=2800, 666.49pt x 381.425pt>
File: astNode_8cpp__incl.pdf Graphic file (type pdf)
<use astNode_8cpp__incl.pdf>
Package pdftex.def Info: astNode_8cpp__incl.pdf  used on input line 9.
(pdftex.def)             Requested size: 350.0pt x 200.3035pt.
 [72]) (./astNodeAdd_8cpp.tex <./astNodeAdd_8cpp__incl.pdf>
<astNodeAdd_8cpp__incl.pdf, id=2819, 692.5875pt x 437.635pt>
File: astNodeAdd_8cpp__incl.pdf Graphic file (type pdf)
<use astNodeAdd_8cpp__incl.pdf>
Package pdftex.def Info: astNodeAdd_8cpp__incl.pdf  used on input line 9.
(pdftex.def)             Requested size: 350.0pt x 221.16086pt.
)
(./astNodeFloat_8cpp.tex <./astNodeFloat_8cpp__incl.pdf

pdfTeX warning: pdflatex (file ./astNodeFloat_8cpp__incl.pdf): PDF inclusion: m
ultiple pdfs with page group included in a single page
>
<astNodeFloat_8cpp__incl.pdf, id=2827, 692.5875pt x 437.635pt>
File: astNodeFloat_8cpp__incl.pdf Graphic file (type pdf)
<use astNodeFloat_8cpp__incl.pdf>
Package pdftex.def Info: astNodeFloat_8cpp__incl.pdf  used on input line 10.
(pdftex.def)             Requested size: 350.0pt x 221.16086pt.
 [73]) (./astNodeInteger_8cpp.tex <./astNodeInteger_8cpp__incl.pdf>
<astNodeInteger_8cpp__incl.pdf, id=2842, 692.5875pt x 437.635pt>
File: astNodeInteger_8cpp__incl.pdf Graphic file (type pdf)
<use astNodeInteger_8cpp__incl.pdf>
Package pdftex.def Info: astNodeInteger_8cpp__incl.pdf  used on input line 10.
(pdftex.def)             Requested size: 350.0pt x 221.16086pt.
)
(./computedExpression_8cpp.tex <./computedExpression_8cpp__incl.pdf

pdfTeX warning: pdflatex (file ./computedExpression_8cpp__incl.pdf): PDF inclus
ion: multiple pdfs with page group included in a single page
>
<computedExpression_8cpp__incl.pdf, id=2850, 439.6425pt x 381.425pt>
File: computedExpression_8cpp__incl.pdf Graphic file (type pdf)
<use computedExpression_8cpp__incl.pdf>
Package pdftex.def Info: computedExpression_8cpp__incl.pdf  used on input line 
9.
(pdftex.def)             Requested size: 350.0pt x 303.66211pt.
 [74]) (./computedExpressionError_8cpp.tex <./computedExpressionError_8cpp__inc
l.pdf>
<computedExpressionError_8cpp__incl.pdf, id=2865, 439.6425pt x 381.425pt>
File: computedExpressionError_8cpp__incl.pdf Graphic file (type pdf)
<use computedExpressionError_8cpp__incl.pdf>
Package pdftex.def Info: computedExpressionError_8cpp__incl.pdf  used on input 
line 8.
(pdftex.def)             Requested size: 350.0pt x 303.66211pt.
) (./computedExpressionFloat_8cpp.tex [75] <./computedExpressionFloat_8cpp__inc
l.pdf>
<computedExpressionFloat_8cpp__incl.pdf, id=2879, 618.31pt x 381.425pt>
File: computedExpressionFloat_8cpp__incl.pdf Graphic file (type pdf)
<use computedExpressionFloat_8cpp__incl.pdf>
Package pdftex.def Info: computedExpressionFloat_8cpp__incl.pdf  used on input 
line 10.
(pdftex.def)             Requested size: 350.0pt x 215.91292pt.
) (./computedExpressionInteger_8cpp.tex [76] <./computedExpressionInteger_8cpp_
_incl.pdf>
<computedExpressionInteger_8cpp__incl.pdf, id=2893, 618.31pt x 381.425pt>
File: computedExpressionInteger_8cpp__incl.pdf Graphic file (type pdf)
<use computedExpressionInteger_8cpp__incl.pdf>
Package pdftex.def Info: computedExpressionInteger_8cpp__incl.pdf  used on inpu
t line 10.
(pdftex.def)             Requested size: 350.0pt x 215.91292pt.
) (./error_8cpp.tex <./error_8cpp__incl.pdf

pdfTeX warning: pdflatex (file ./error_8cpp__incl.pdf): PDF inclusion: multiple
 pdfs with page group included in a single page
>
<error_8cpp__incl.pdf, id=2902, 202.7575pt x 269.005pt>
File: error_8cpp__incl.pdf Graphic file (type pdf)
<use error_8cpp__incl.pdf>
Package pdftex.def Info: error_8cpp__incl.pdf  used on input line 8.
(pdftex.def)             Requested size: 202.0pt x 268.00688pt.
) (./program-dumpBytecode_8cpp.tex [77] <./program-dumpBytecode_8cpp__incl.pdf>
<program-dumpBytecode_8cpp__incl.pdf, id=2918, 679.53876pt x 381.425pt>
File: program-dumpBytecode_8cpp__incl.pdf Graphic file (type pdf)
<use program-dumpBytecode_8cpp__incl.pdf>
Package pdftex.def Info: program-dumpBytecode_8cpp__incl.pdf  used on input lin
e 13.
(pdftex.def)             Requested size: 350.0pt x 196.45644pt.
 [78]) (./program-execute_8cpp.tex <./program-execute_8cpp__incl.pdf>
<program-execute_8cpp__incl.pdf, id=2934, 959.585pt x 381.425pt>
File: program-execute_8cpp__incl.pdf Graphic file (type pdf)
<use program-execute_8cpp__incl.pdf>
Package pdftex.def Info: program-execute_8cpp__incl.pdf  used on input line 13.

(pdftex.def)             Requested size: 350.0pt x 139.12292pt.
 [79])
(./program_8cpp.tex <./program_8cpp__incl.pdf>
<program_8cpp__incl.pdf, id=2955, 825.0825pt x 381.425pt>
File: program_8cpp__incl.pdf Graphic file (type pdf)
<use program_8cpp__incl.pdf>
Package pdftex.def Info: program_8cpp__incl.pdf  used on input line 12.
(pdftex.def)             Requested size: 350.0pt x 161.80374pt.
 [80]) (./tangBase_8cpp.tex <./tangBase_8cpp__incl.pdf

pdfTeX warning: pdflatex (file ./tangBase_8cpp__incl.pdf): PDF inclusion: multi
ple pdfs with page group included in a single page
>
<tangBase_8cpp__incl.pdf, id=2972, 578.16pt x 437.635pt>
File: tangBase_8cpp__incl.pdf Graphic file (type pdf)
<use tangBase_8cpp__incl.pdf>
Package pdftex.def Info: tangBase_8cpp__incl.pdf  used on input line 8.
(pdftex.def)             Requested size: 350.0pt x 264.92691pt.
) (./testSingletonObjectPool_8cpp.tex <./testSingletonObjectPool_8cpp__incl.pdf


pdfTeX warning: pdflatex (file ./testSingletonObjectPool_8cpp__incl.pdf): PDF i
nclusion: multiple pdfs with page group included in a single page
>
<testSingletonObjectPool_8cpp__incl.pdf, id=2980, 477.785pt x 223.83624pt>
File: testSingletonObjectPool_8cpp__incl.pdf Graphic file (type pdf)
<use testSingletonObjectPool_8cpp__incl.pdf>
Package pdftex.def Info: testSingletonObjectPool_8cpp__incl.pdf  used on input 
line 12.
(pdftex.def)             Requested size: 350.0pt x 163.96947pt.
 [81]) [82] (./refman.ind [83



] [84] [85

]) (./refman.aux)

LaTeX Warning: There were multiply-defined labels.

Package rerunfilecheck Info: File `refman.out' has not changed.
(rerunfilecheck)             Checksum: 3A4E2FAC99E453CA24CC091A25A81977;41650.
 ) 
Here is how much of TeX's memory you used:
 19153 strings out of 480247
 339059 string characters out of 5896150
 632237 words of memory out of 5000000
 36021 multiletter control sequences out of 15000+600000
 534765 words of font info for 112 fonts, out of 8000000 for 9000
 14 hyphenation exceptions out of 8191
 99i,16n,117p,709b,633s stack positions out of 5000i,500n,10000p,200000b,80000s
{/usr/share/texlive/texmf-dist/fonts/enc/dvips/base/8r.enc}</usr/share/texliv
e/texmf-dist/fonts/type1/public/amsfonts/cm/cmmi10.pfb></usr/share/texlive/texm
f-dist/fonts/type1/public/amsfonts/cm/cmmi12.pfb></usr/share/texlive/texmf-dist
/fonts/type1/public/amsfonts/cm/cmmi7.pfb></usr/share/texlive/texmf-dist/fonts/
type1/public/amsfonts/cm/cmmi8.pfb></usr/share/texlive/texmf-dist/fonts/type1/p
ublic/amsfonts/cm/cmsy10.pfb></usr/share/texlive/texmf-dist/fonts/type1/public/
amsfonts/cm/cmsy7.pfb></usr/share/texlive/texmf-dist/fonts/type1/public/amsfont
s/cm/cmsy8.pfb></usr/share/texlive/texmf-dist/fonts/type1/urw/courier/ucrb8a.pf
b></usr/share/texlive/texmf-dist/fonts/type1/urw/courier/ucrr8a.pfb></usr/share
/texlive/texmf-dist/fonts/type1/urw/courier/ucrro8a.pfb></usr/share/texlive/tex
mf-dist/fonts/type1/urw/helvetic/uhvb8a.pfb></usr/share/texlive/texmf-dist/font
s/type1/urw/helvetic/uhvb8ac.pfb></usr/share/texlive/texmf-dist/fonts/type1/urw
/helvetic/uhvr8a.pfb></usr/share/texlive/texmf-dist/fonts/type1/urw/helvetic/uh
vro8a.pfb>
Output written on refman.pdf (93 pages, 866536 bytes).
PDF statistics:
 3404 PDF objects out of 3580 (max. 8388607)
 2975 compressed objects within 30 object streams
 645 named destinations out of 1000 (max. 500000)
 1856 words of extra memory for PDF output out of 10000 (max. 10000000)

